0 info it worked if it ends with ok
1 verbose cli [ 'C:\\Program Files (x86)\\nodejs\\node.exe',
1 verbose cli   'C:\\Program Files (x86)\\nodejs\\node_modules\\npm\\bin\\npm-cli.js',
1 verbose cli   'v' ]
2 info using npm@2.15.9
3 info using node@v4.6.0
4 verbose stack Error: Invalid package.json
4 verbose stack     at C:\Program Files (x86)\nodejs\node_modules\npm\lib\view.js:77:30
4 verbose stack     at ReadFileContext.<anonymous> (C:\Program Files (x86)\nodejs\node_modules\npm\node_modules\read-package-json\read-json.js:90:21)
4 verbose stack     at ReadFileContext.callback (C:\Program Files (x86)\nodejs\node_modules\npm\node_modules\graceful-fs\graceful-fs.js:78:16)
4 verbose stack     at FSReqWrap.readFileAfterOpen [as oncomplete] (fs.js:303:13)
5 verbose cwd C:\Users\Diego Alejandro\Documents\xgen\AppUsingStylus\AppUsingStylus\Scripts
6 error Windows_NT 10.0.10240
7 error argv "C:\\Program Files (x86)\\nodejs\\node.exe" "C:\\Program Files (x86)\\nodejs\\node_modules\\npm\\bin\\npm-cli.js" "v"
8 error node v4.6.0
9 error npm  v2.15.9
10 error Invalid package.json
11 error If you need help, you may report this error at:
11 error     <https://github.com/npm/npm/issues>
12 verbose exit [ 1, true ]
