0 info it worked if it ends with ok
1 verbose cli [ 'C:\\Program Files (x86)\\nodejs\\node.exe',
1 verbose cli   'C:\\Program Files (x86)\\nodejs\\node_modules\\npm\\bin\\npm-cli.js',
1 verbose cli   'install',
1 verbose cli   '--save',
1 verbose cli   'angular-animate@X.Y.Z' ]
2 info using npm@2.15.9
3 info using node@v4.6.0
4 verbose install initial load of C:\Users\Diego Alejandro\Documents\xgen\AppUsingStylus\AppUsingStylus\package.json
5 verbose readDependencies loading dependencies from C:\Users\Diego Alejandro\Documents\xgen\AppUsingStylus\AppUsingStylus\package.json
6 silly cache add args [ 'angular-animate@X.Y.Z', null ]
7 verbose cache add spec angular-animate@X.Y.Z
8 silly cache add parsed spec Result {
8 silly cache add   raw: 'angular-animate@X.Y.Z',
8 silly cache add   scope: null,
8 silly cache add   name: 'angular-animate',
8 silly cache add   rawSpec: 'X.Y.Z',
8 silly cache add   spec: 'X.Y.Z',
8 silly cache add   type: 'tag' }
9 silly addNamed angular-animate@X.Y.Z
10 verbose addNamed "X.Y.Z" is being treated as a dist-tag for angular-animate
11 info addNameTag [ 'angular-animate', 'X.Y.Z' ]
12 silly mapToRegistry name angular-animate
13 silly mapToRegistry using default registry
14 silly mapToRegistry registry https://registry.npmjs.org/
15 silly mapToRegistry data Result {
15 silly mapToRegistry   raw: 'angular-animate',
15 silly mapToRegistry   scope: null,
15 silly mapToRegistry   name: 'angular-animate',
15 silly mapToRegistry   rawSpec: '',
15 silly mapToRegistry   spec: 'latest',
15 silly mapToRegistry   type: 'tag' }
16 silly mapToRegistry uri https://registry.npmjs.org/angular-animate
17 verbose addNameTag registry:https://registry.npmjs.org/angular-animate not in flight; fetching
18 verbose request uri https://registry.npmjs.org/angular-animate
19 verbose request no auth needed
20 info attempt registry request try #1 at 15:13:47
21 verbose request id 2e9264dd95074b7c
22 http request GET https://registry.npmjs.org/angular-animate
23 http 200 https://registry.npmjs.org/angular-animate
24 verbose headers { server: 'nginx/1.10.1',
24 verbose headers   'content-type': 'application/json',
24 verbose headers   'last-modified': 'Mon, 03 Jul 2017 19:52:24 GMT',
24 verbose headers   etag: 'W/"595aa078-1b288"',
24 verbose headers   'content-encoding': 'gzip',
24 verbose headers   'cache-control': 'max-age=300',
24 verbose headers   'content-length': '11224',
24 verbose headers   'accept-ranges': 'bytes',
24 verbose headers   date: 'Sat, 15 Jul 2017 20:13:48 GMT',
24 verbose headers   via: '1.1 varnish',
24 verbose headers   age: '154',
24 verbose headers   connection: 'keep-alive',
24 verbose headers   'x-served-by': 'cache-atl6248-ATL',
24 verbose headers   'x-cache': 'HIT',
24 verbose headers   'x-cache-hits': '1',
24 verbose headers   'x-timer': 'S1500149629.573736,VS0,VE0',
24 verbose headers   vary: 'Accept-Encoding, Accept' }
25 silly get cb [ 200,
25 silly get   { server: 'nginx/1.10.1',
25 silly get     'content-type': 'application/json',
25 silly get     'last-modified': 'Mon, 03 Jul 2017 19:52:24 GMT',
25 silly get     etag: 'W/"595aa078-1b288"',
25 silly get     'content-encoding': 'gzip',
25 silly get     'cache-control': 'max-age=300',
25 silly get     'content-length': '11224',
25 silly get     'accept-ranges': 'bytes',
25 silly get     date: 'Sat, 15 Jul 2017 20:13:48 GMT',
25 silly get     via: '1.1 varnish',
25 silly get     age: '154',
25 silly get     connection: 'keep-alive',
25 silly get     'x-served-by': 'cache-atl6248-ATL',
25 silly get     'x-cache': 'HIT',
25 silly get     'x-cache-hits': '1',
25 silly get     'x-timer': 'S1500149629.573736,VS0,VE0',
25 silly get     vary: 'Accept-Encoding, Accept' } ]
26 verbose get saving angular-animate to C:\Users\Diego Alejandro\AppData\Roaming\npm-cache\registry.npmjs.org\angular-animate\.cache.json
27 verbose correctMkdir C:\Users\Diego Alejandro\AppData\Roaming\npm-cache correctMkdir not in flight; initializing
28 silly addNameTag next cb for angular-animate with tag X.Y.Z
29 verbose stack Error: No compatible version found: angular-animate@'X.Y.Z'
29 verbose stack Valid install targets:
29 verbose stack ["0.0.1","0.0.2","1.2.19-build.256","1.2.16","1.2.23","1.3.0-rc.5","1.3.0","1.3.1","1.3.2","1.3.3","1.3.4-build.3588","1.2.27","1.3.4","1.3.5","1.3.6","1.3.7","1.2.28","1.3.8","1.4.0-beta.0","1.3.9","1.3.10","1.4.0-beta.1","1.4.0-beta.2","1.3.11","1.4.0-beta.3","1.3.12","1.3.13","1.4.0-beta.4","1.3.14","1.4.0-beta.5","1.4.0-beta.6","1.3.15","1.4.0-rc.0","1.4.0-rc.1","1.4.0-rc.2","1.4.0","1.3.16","1.4.1","1.4.2","1.3.17","1.4.3","1.4.4","1.3.18","1.4.5","1.3.19","1.4.6","1.5.0-beta.0","1.2.29","1.3.20","1.4.7","1.5.0-beta.2","1.4.8","1.5.0-rc.0","1.5.0-rc.1","1.4.9","1.5.0-rc.2","1.5.0","1.5.1","1.4.10","1.5.2","1.5.3","1.5.5","1.4.11","1.5.6","1.4.12","1.5.7","1.2.30","1.5.8","1.4.13","1.2.31","1.2.32","1.4.14","1.6.0-rc.0","1.6.0-rc.1","1.5.9","1.6.0-rc.2","1.6.0","1.5.10","1.6.1","1.5.11","1.6.2","1.6.3","1.6.4","1.6.5"]
29 verbose stack
29 verbose stack     at installTargetsError (C:\Program Files (x86)\nodejs\node_modules\npm\lib\cache\add-named.js:284:12)
29 verbose stack     at next (C:\Program Files (x86)\nodejs\node_modules\npm\lib\cache\add-named.js:94:10)
29 verbose stack     at RES (C:\Program Files (x86)\nodejs\node_modules\npm\node_modules\inflight\inflight.js:23:14)
29 verbose stack     at f (C:\Program Files (x86)\nodejs\node_modules\npm\node_modules\once\once.js:17:25)
29 verbose stack     at fixName (C:\Program Files (x86)\nodejs\node_modules\npm\lib\cache\add-named.js:29:5)
29 verbose stack     at saved (C:\Program Files (x86)\nodejs\node_modules\npm\lib\cache\caching-client.js:173:7)
29 verbose stack     at C:\Program Files (x86)\nodejs\node_modules\npm\node_modules\graceful-fs\polyfills.js:210:7
29 verbose stack     at FSReqWrap.oncomplete (fs.js:82:15)
30 verbose cwd C:\Users\Diego Alejandro\Documents\xgen\AppUsingStylus\AppUsingStylus
31 error Windows_NT 10.0.10240
32 error argv "C:\\Program Files (x86)\\nodejs\\node.exe" "C:\\Program Files (x86)\\nodejs\\node_modules\\npm\\bin\\npm-cli.js" "install" "--save" "angular-animate@X.Y.Z"
33 error node v4.6.0
34 error npm  v2.15.9
35 error code ETARGET
36 error notarget No compatible version found: angular-animate@'X.Y.Z'
36 error notarget Valid install targets:
36 error notarget ["0.0.1","0.0.2","1.2.19-build.256","1.2.16","1.2.23","1.3.0-rc.5","1.3.0","1.3.1","1.3.2","1.3.3","1.3.4-build.3588","1.2.27","1.3.4","1.3.5","1.3.6","1.3.7","1.2.28","1.3.8","1.4.0-beta.0","1.3.9","1.3.10","1.4.0-beta.1","1.4.0-beta.2","1.3.11","1.4.0-beta.3","1.3.12","1.3.13","1.4.0-beta.4","1.3.14","1.4.0-beta.5","1.4.0-beta.6","1.3.15","1.4.0-rc.0","1.4.0-rc.1","1.4.0-rc.2","1.4.0","1.3.16","1.4.1","1.4.2","1.3.17","1.4.3","1.4.4","1.3.18","1.4.5","1.3.19","1.4.6","1.5.0-beta.0","1.2.29","1.3.20","1.4.7","1.5.0-beta.2","1.4.8","1.5.0-rc.0","1.5.0-rc.1","1.4.9","1.5.0-rc.2","1.5.0","1.5.1","1.4.10","1.5.2","1.5.3","1.5.5","1.4.11","1.5.6","1.4.12","1.5.7","1.2.30","1.5.8","1.4.13","1.2.31","1.2.32","1.4.14","1.6.0-rc.0","1.6.0-rc.1","1.5.9","1.6.0-rc.2","1.6.0","1.5.10","1.6.1","1.5.11","1.6.2","1.6.3","1.6.4","1.6.5"]
36 error notarget
36 error notarget This is most likely not a problem with npm itself.
36 error notarget In most cases you or one of your dependencies are requesting
36 error notarget a package version that doesn't exist.
37 verbose exit [ 1, true ]
